# JRE version: OpenJDK Runtime Environment Microsoft-8035246 (17.0.8+7) (build 17.0.8+7-LTS)
# Java VM: OpenJDK 64-Bit Server VM Microsoft-8035246 (17.0.8+7-LTS, mixed mode, sharing, tiered, compressed oops, compressed class ptrs, g1 gc, windows-amd64)
GC Precious Log:
 CPUs: 8 total, 8 available
 Memory: 16177M
 Large Page Support: Disabled
 NUMA Support: Disabled
 Compressed Oops: Enabled (32-bit)
 Heap Region Size: 1M
 Heap Min Capacity: 8M
 Heap Initial Capacity: 254M
 Heap Max Capacity: 2G
 Pre-touch: Disabled
 Parallel Workers: 8
 Concurrent Workers: 2
 Concurrent Refinement Workers: 8
 Periodic GC: Disabled
Heap:
 garbage-first heap   total 365568K, used 257059K [0x0000000080000000, 0x0000000100000000)
  region size 1024K, 48 young (49152K), 2 survivors (2048K)
 Metaspace       used 112419K, committed 113664K, reserved 557056K
  class space    used 15542K, committed 16128K, reserved 425984K
GC Heap History (20 events):
Event: 82.556 GC heap before
{Heap before GC invocations=57 (full 0):
 garbage-first heap   total 365568K, used 290675K [0x0000000080000000, 0x0000000100000000)
  region size 1024K, 184 young (188416K), 4 survivors (4096K)
 Metaspace       used 98524K, committed 99584K, reserved 557056K
  class space    used 13761K, committed 14208K, reserved 425984K
}
Event: 82.574 GC heap after
{Heap after GC invocations=58 (full 0):
 garbage-first heap   total 365568K, used 133508K [0x0000000080000000, 0x0000000100000000)
  region size 1024K, 23 young (23552K), 23 survivors (23552K)
 Metaspace       used 98524K, committed 99584K, reserved 557056K
  class space    used 13761K, committed 14208K, reserved 425984K
}
Event: 82.582 GC heap before
{Heap before GC invocations=58 (full 0):
 garbage-first heap   total 365568K, used 134532K [0x0000000080000000, 0x0000000100000000)
  region size 1024K, 24 young (24576K), 23 survivors (23552K)
 Metaspace       used 98552K, committed 99584K, reserved 557056K
  class space    used 13767K, committed 14208K, reserved 425984K
}
Event: 82.594 GC heap after
{Heap after GC invocations=59 (full 0):
 garbage-first heap   total 365568K, used 136095K [0x0000000080000000, 0x0000000100000000)
  region size 1024K, 2 young (2048K), 2 survivors (2048K)
 Metaspace       used 98552K, committed 99584K, reserved 557056K
  class space    used 13767K, committed 14208K, reserved 425984K
}
Event: 84.223 GC heap before
{Heap before GC invocations=59 (full 0):
 garbage-first heap   total 365568K, used 275359K [0x0000000080000000, 0x0000000100000000)
  region size 1024K, 138 young (141312K), 2 survivors (2048K)
 Metaspace       used 102205K, committed 103232K, reserved 557056K
  class space    used 14293K, committed 14720K, reserved 425984K
}
Event: 84.235 GC heap after
{Heap after GC invocations=60 (full 0):
 garbage-first heap   total 365568K, used 150687K [0x0000000080000000, 0x0000000100000000)
  region size 1024K, 17 young (17408K), 17 survivors (17408K)
 Metaspace       used 102205K, committed 103232K, reserved 557056K
  class space    used 14293K, committed 14720K, reserved 425984K
}
Event: 84.778 GC heap before
{Heap before GC invocations=60 (full 0):
 garbage-first heap   total 365568K, used 178335K [0x0000000080000000, 0x0000000100000000)
  region size 1024K, 45 young (46080K), 17 survivors (17408K)
 Metaspace       used 102347K, committed 103424K, reserved 557056K
  class space    used 14307K, committed 14784K, reserved 425984K
}
Event: 84.788 GC heap after
{Heap after GC invocations=61 (full 0):
 garbage-first heap   total 365568K, used 156846K [0x0000000080000000, 0x0000000100000000)
  region size 1024K, 6 young (6144K), 6 survivors (6144K)
 Metaspace       used 102347K, committed 103424K, reserved 557056K
  class space    used 14307K, committed 14784K, reserved 425984K
}
Event: 87.712 GC heap before
{Heap before GC invocations=62 (full 0):
 garbage-first heap   total 365568K, used 284846K [0x0000000080000000, 0x0000000100000000)
  region size 1024K, 124 young (126976K), 6 survivors (6144K)
 Metaspace       used 104707K, committed 105856K, reserved 557056K
  class space    used 14633K, committed 15168K, reserved 425984K
}
Event: 87.725 GC heap after
{Heap after GC invocations=63 (full 0):
 garbage-first heap   total 365568K, used 186319K [0x0000000080000000, 0x0000000100000000)
  region size 1024K, 16 young (16384K), 16 survivors (16384K)
 Metaspace       used 104707K, committed 105856K, reserved 557056K
  class space    used 14633K, committed 15168K, reserved 425984K
}
Event: 87.738 GC heap before
{Heap before GC invocations=63 (full 0):
 garbage-first heap   total 365568K, used 187343K [0x0000000080000000, 0x0000000100000000)
  region size 1024K, 17 young (17408K), 16 survivors (16384K)
 Metaspace       used 104846K, committed 106048K, reserved 557056K
  class space    used 14660K, committed 15232K, reserved 425984K
}
Event: 87.745 GC heap after
{Heap after GC invocations=64 (full 0):
 garbage-first heap   total 365568K, used 187878K [0x0000000080000000, 0x0000000100000000)
  region size 1024K, 2 young (2048K), 2 survivors (2048K)
 Metaspace       used 104846K, committed 106048K, reserved 557056K
  class space    used 14660K, committed 15232K, reserved 425984K
}
Event: 89.264 GC heap before
{Heap before GC invocations=64 (full 0):
 garbage-first heap   total 365568K, used 283110K [0x0000000080000000, 0x0000000100000000)
  region size 1024K, 95 young (97280K), 2 survivors (2048K)
 Metaspace       used 108847K, committed 110016K, reserved 557056K
  class space    used 15153K, committed 15680K, reserved 425984K
}
Event: 89.277 GC heap after
{Heap after GC invocations=65 (full 0):
 garbage-first heap   total 365568K, used 196567K [0x0000000080000000, 0x0000000100000000)
  region size 1024K, 10 young (10240K), 10 survivors (10240K)
 Metaspace       used 108847K, committed 110016K, reserved 557056K
  class space    used 15153K, committed 15680K, reserved 425984K
}
Event: 90.229 GC heap before
{Heap before GC invocations=65 (full 0):
 garbage-first heap   total 365568K, used 252887K [0x0000000080000000, 0x0000000100000000)
  region size 1024K, 67 young (68608K), 10 survivors (10240K)
 Metaspace       used 110111K, committed 111360K, reserved 557056K
  class space    used 15248K, committed 15808K, reserved 425984K
}
Event: 90.246 GC heap after
{Heap after GC invocations=66 (full 0):
 garbage-first heap   total 365568K, used 205403K [0x0000000080000000, 0x0000000100000000)
  region size 1024K, 9 young (9216K), 9 survivors (9216K)
 Metaspace       used 110111K, committed 111360K, reserved 557056K
  class space    used 15248K, committed 15808K, reserved 425984K
}
Event: 92.244 GC heap before
{Heap before GC invocations=67 (full 0):
 garbage-first heap   total 365568K, used 296539K [0x0000000080000000, 0x0000000100000000)
  region size 1024K, 94 young (96256K), 9 survivors (9216K)
 Metaspace       used 112326K, committed 113600K, reserved 557056K
  class space    used 15541K, committed 16128K, reserved 425984K
}
Event: 92.253 GC heap after
{Heap after GC invocations=68 (full 0):
 garbage-first heap   total 365568K, used 211074K [0x0000000080000000, 0x0000000100000000)
  region size 1024K, 7 young (7168K), 7 survivors (7168K)
 Metaspace       used 112326K, committed 113600K, reserved 557056K
  class space    used 15541K, committed 16128K, reserved 425984K
}
Event: 92.330 GC heap before
{Heap before GC invocations=68 (full 0):
 garbage-first heap   total 365568K, used 221314K [0x0000000080000000, 0x0000000100000000)
  region size 1024K, 17 young (17408K), 7 survivors (7168K)
 Metaspace       used 112326K, committed 113600K, reserved 557056K
  class space    used 15541K, committed 16128K, reserved 425984K
}
Event: 92.335 GC heap after
{Heap after GC invocations=69 (full 0):
 garbage-first heap   total 365568K, used 210979K [0x0000000080000000, 0x0000000100000000)
  region size 1024K, 2 young (2048K), 2 survivors (2048K)
 Metaspace       used 112326K, committed 113600K, reserved 557056K
  class space    used 15541K, committed 16128K, reserved 425984K
}

