# JRE version: OpenJDK Runtime Environment Microsoft-8035246 (17.0.8+7) (build 17.0.8+7-LTS)
# Java VM: OpenJDK 64-Bit Server VM Microsoft-8035246 (17.0.8+7-LTS, mixed mode, sharing, tiered, compressed oops, compressed class ptrs, g1 gc, windows-amd64)
GC Precious Log:
 CPUs: 8 total, 8 available
 Memory: 16177M
 Large Page Support: Disabled
 NUMA Support: Disabled
 Compressed Oops: Enabled (32-bit)
 Heap Region Size: 1M
 Heap Min Capacity: 8M
 Heap Initial Capacity: 254M
 Heap Max Capacity: 2G
 Pre-touch: Disabled
 Parallel Workers: 8
 Concurrent Workers: 2
 Concurrent Refinement Workers: 8
 Periodic GC: Disabled
Heap:
 garbage-first heap   total 265216K, used 184071K [0x0000000080000000, 0x0000000100000000)
  region size 1024K, 28 young (28672K), 2 survivors (2048K)
 Metaspace       used 101739K, committed 102720K, reserved 557056K
  class space    used 14135K, committed 14592K, reserved 425984K
GC Heap History (20 events):
Event: 24.233 GC heap before
{Heap before GC invocations=37 (full 0):
 garbage-first heap   total 265216K, used 203837K [0x0000000080000000, 0x0000000100000000)
  region size 1024K, 116 young (118784K), 2 survivors (2048K)
 Metaspace       used 77944K, committed 78720K, reserved 557056K
  class space    used 10822K, committed 11200K, reserved 425984K
}
Event: 24.239 GC heap after
{Heap after GC invocations=38 (full 0):
 garbage-first heap   total 265216K, used 88184K [0x0000000080000000, 0x0000000100000000)
  region size 1024K, 9 young (9216K), 9 survivors (9216K)
 Metaspace       used 77944K, committed 78720K, reserved 557056K
  class space    used 10822K, committed 11200K, reserved 425984K
}
Event: 28.554 GC heap before
{Heap before GC invocations=38 (full 0):
 garbage-first heap   total 265216K, used 202872K [0x0000000080000000, 0x0000000100000000)
  region size 1024K, 121 young (123904K), 9 survivors (9216K)
 Metaspace       used 84012K, committed 84800K, reserved 557056K
  class space    used 11807K, committed 12160K, reserved 425984K
}
Event: 28.560 GC heap after
{Heap after GC invocations=39 (full 0):
 garbage-first heap   total 265216K, used 93776K [0x0000000080000000, 0x0000000100000000)
  region size 1024K, 14 young (14336K), 14 survivors (14336K)
 Metaspace       used 84012K, committed 84800K, reserved 557056K
  class space    used 11807K, committed 12160K, reserved 425984K
}
Event: 30.277 GC heap before
{Heap before GC invocations=39 (full 0):
 garbage-first heap   total 265216K, used 210512K [0x0000000080000000, 0x0000000100000000)
  region size 1024K, 125 young (128000K), 14 survivors (14336K)
 Metaspace       used 89069K, committed 89920K, reserved 557056K
  class space    used 12533K, committed 12928K, reserved 425984K
}
Event: 30.286 GC heap after
{Heap after GC invocations=40 (full 0):
 garbage-first heap   total 265216K, used 112590K [0x0000000080000000, 0x0000000100000000)
  region size 1024K, 16 young (16384K), 16 survivors (16384K)
 Metaspace       used 89069K, committed 89920K, reserved 557056K
  class space    used 12533K, committed 12928K, reserved 425984K
}
Event: 31.419 GC heap before
{Heap before GC invocations=40 (full 0):
 garbage-first heap   total 265216K, used 210894K [0x0000000080000000, 0x0000000100000000)
  region size 1024K, 109 young (111616K), 16 survivors (16384K)
 Metaspace       used 91099K, committed 91968K, reserved 557056K
  class space    used 12769K, committed 13184K, reserved 425984K
}
Event: 31.431 GC heap after
{Heap after GC invocations=41 (full 0):
 garbage-first heap   total 265216K, used 134144K [0x0000000080000000, 0x0000000100000000)
  region size 1024K, 14 young (14336K), 14 survivors (14336K)
 Metaspace       used 91099K, committed 91968K, reserved 557056K
  class space    used 12769K, committed 13184K, reserved 425984K
}
Event: 32.258 GC heap before
{Heap before GC invocations=41 (full 0):
 garbage-first heap   total 265216K, used 207872K [0x0000000080000000, 0x0000000100000000)
  region size 1024K, 86 young (88064K), 14 survivors (14336K)
 Metaspace       used 96807K, committed 97792K, reserved 557056K
  class space    used 13554K, committed 14016K, reserved 425984K
}
Event: 32.271 GC heap after
{Heap after GC invocations=42 (full 0):
 garbage-first heap   total 265216K, used 139974K [0x0000000080000000, 0x0000000100000000)
  region size 1024K, 5 young (5120K), 5 survivors (5120K)
 Metaspace       used 96807K, committed 97792K, reserved 557056K
  class space    used 13554K, committed 14016K, reserved 425984K
}
Event: 33.461 GC heap before
{Heap before GC invocations=43 (full 0):
 garbage-first heap   total 265216K, used 212678K [0x0000000080000000, 0x0000000100000000)
  region size 1024K, 76 young (77824K), 5 survivors (5120K)
 Metaspace       used 98342K, committed 99328K, reserved 557056K
  class space    used 13733K, committed 14208K, reserved 425984K
}
Event: 33.470 GC heap after
{Heap after GC invocations=44 (full 0):
 garbage-first heap   total 265216K, used 147240K [0x0000000080000000, 0x0000000100000000)
  region size 1024K, 10 young (10240K), 10 survivors (10240K)
 Metaspace       used 98342K, committed 99328K, reserved 557056K
  class space    used 13733K, committed 14208K, reserved 425984K
}
Event: 33.481 GC heap before
{Heap before GC invocations=44 (full 0):
 garbage-first heap   total 265216K, used 149288K [0x0000000080000000, 0x0000000100000000)
  region size 1024K, 12 young (12288K), 10 survivors (10240K)
 Metaspace       used 98351K, committed 99328K, reserved 557056K
  class space    used 13733K, committed 14208K, reserved 425984K
}
Event: 33.487 GC heap after
{Heap after GC invocations=45 (full 0):
 garbage-first heap   total 265216K, used 148698K [0x0000000080000000, 0x0000000100000000)
  region size 1024K, 2 young (2048K), 2 survivors (2048K)
 Metaspace       used 98351K, committed 99328K, reserved 557056K
  class space    used 13733K, committed 14208K, reserved 425984K
}
Event: 35.020 GC heap before
{Heap before GC invocations=45 (full 0):
 garbage-first heap   total 265216K, used 218330K [0x0000000080000000, 0x0000000100000000)
  region size 1024K, 66 young (67584K), 2 survivors (2048K)
 Metaspace       used 101080K, committed 102016K, reserved 557056K
  class space    used 14040K, committed 14464K, reserved 425984K
}
Event: 35.026 GC heap after
{Heap after GC invocations=46 (full 0):
 garbage-first heap   total 265216K, used 152515K [0x0000000080000000, 0x0000000100000000)
  region size 1024K, 6 young (6144K), 6 survivors (6144K)
 Metaspace       used 101080K, committed 102016K, reserved 557056K
  class space    used 14040K, committed 14464K, reserved 425984K
}
Event: 35.908 GC heap before
{Heap before GC invocations=47 (full 0):
 garbage-first heap   total 265216K, used 214979K [0x0000000080000000, 0x0000000100000000)
  region size 1024K, 68 young (69632K), 6 survivors (6144K)
 Metaspace       used 101672K, committed 102592K, reserved 557056K
  class space    used 14135K, committed 14592K, reserved 425984K
}
Event: 35.913 GC heap after
{Heap after GC invocations=48 (full 0):
 garbage-first heap   total 265216K, used 158525K [0x0000000080000000, 0x0000000100000000)
  region size 1024K, 6 young (6144K), 6 survivors (6144K)
 Metaspace       used 101672K, committed 102592K, reserved 557056K
  class space    used 14135K, committed 14592K, reserved 425984K
}
Event: 35.948 GC heap before
{Heap before GC invocations=48 (full 0):
 garbage-first heap   total 265216K, used 163645K [0x0000000080000000, 0x0000000100000000)
  region size 1024K, 12 young (12288K), 6 survivors (6144K)
 Metaspace       used 101706K, committed 102720K, reserved 557056K
  class space    used 14135K, committed 14592K, reserved 425984K
}
Event: 35.951 GC heap after
{Heap after GC invocations=49 (full 0):
 garbage-first heap   total 265216K, used 158471K [0x0000000080000000, 0x0000000100000000)
  region size 1024K, 2 young (2048K), 2 survivors (2048K)
 Metaspace       used 101706K, committed 102720K, reserved 557056K
  class space    used 14135K, committed 14592K, reserved 425984K
}

