# JRE version: OpenJDK Runtime Environment Microsoft-8035246 (17.0.8+7) (build 17.0.8+7-LTS)
# Java VM: OpenJDK 64-Bit Server VM Microsoft-8035246 (17.0.8+7-LTS, mixed mode, sharing, tiered, compressed oops, compressed class ptrs, g1 gc, windows-amd64)
GC Precious Log:
 CPUs: 8 total, 8 available
 Memory: 16177M
 Large Page Support: Disabled
 NUMA Support: Disabled
 Compressed Oops: Enabled (32-bit)
 Heap Region Size: 1M
 Heap Min Capacity: 8M
 Heap Initial Capacity: 254M
 Heap Max Capacity: 2G
 Pre-touch: Disabled
 Parallel Workers: 8
 Concurrent Workers: 2
 Concurrent Refinement Workers: 8
 Periodic GC: Disabled
Heap:
 garbage-first heap   total 321536K, used 248259K [0x0000000080000000, 0x0000000100000000)
  region size 1024K, 36 young (36864K), 4 survivors (4096K)
 Metaspace       used 107281K, committed 108480K, reserved 557056K
  class space    used 14923K, committed 15488K, reserved 425984K
GC Heap History (20 events):
Event: 40.539 GC heap before
{Heap before GC invocations=58 (full 0):
 garbage-first heap   total 317440K, used 117922K [0x0000000080000000, 0x0000000100000000)
  region size 1024K, 20 young (20480K), 19 survivors (19456K)
 Metaspace       used 89915K, committed 90880K, reserved 557056K
  class space    used 12673K, committed 13120K, reserved 425984K
}
Event: 40.549 GC heap after
{Heap after GC invocations=59 (full 0):
 garbage-first heap   total 317440K, used 118423K [0x0000000080000000, 0x0000000100000000)
  region size 1024K, 2 young (2048K), 2 survivors (2048K)
 Metaspace       used 89915K, committed 90880K, reserved 557056K
  class space    used 12673K, committed 13120K, reserved 425984K
}
Event: 42.427 GC heap before
{Heap before GC invocations=59 (full 0):
 garbage-first heap   total 317440K, used 245399K [0x0000000080000000, 0x0000000100000000)
  region size 1024K, 123 young (125952K), 2 survivors (2048K)
 Metaspace       used 95037K, committed 96064K, reserved 557056K
  class space    used 13392K, committed 13824K, reserved 425984K
}
Event: 42.436 GC heap after
{Heap after GC invocations=60 (full 0):
 garbage-first heap   total 317440K, used 132651K [0x0000000080000000, 0x0000000100000000)
  region size 1024K, 14 young (14336K), 14 survivors (14336K)
 Metaspace       used 95037K, committed 96064K, reserved 557056K
  class space    used 13392K, committed 13824K, reserved 425984K
}
Event: 43.488 GC heap before
{Heap before GC invocations=60 (full 0):
 garbage-first heap   total 317440K, used 245291K [0x0000000080000000, 0x0000000100000000)
  region size 1024K, 124 young (126976K), 14 survivors (14336K)
 Metaspace       used 96933K, committed 98048K, reserved 557056K
  class space    used 13640K, committed 14144K, reserved 425984K
}
Event: 43.503 GC heap after
{Heap after GC invocations=61 (full 0):
 garbage-first heap   total 317440K, used 149005K [0x0000000080000000, 0x0000000100000000)
  region size 1024K, 16 young (16384K), 16 survivors (16384K)
 Metaspace       used 96933K, committed 98048K, reserved 557056K
  class space    used 13640K, committed 14144K, reserved 425984K
}
Event: 45.657 GC heap before
{Heap before GC invocations=61 (full 0):
 garbage-first heap   total 317440K, used 254477K [0x0000000080000000, 0x0000000100000000)
  region size 1024K, 112 young (114688K), 16 survivors (16384K)
 Metaspace       used 97819K, committed 98944K, reserved 557056K
  class space    used 13745K, committed 14272K, reserved 425984K
}
Event: 45.670 GC heap after
{Heap after GC invocations=62 (full 0):
 garbage-first heap   total 317440K, used 177568K [0x0000000080000000, 0x0000000100000000)
  region size 1024K, 14 young (14336K), 14 survivors (14336K)
 Metaspace       used 97819K, committed 98944K, reserved 557056K
  class space    used 13745K, committed 14272K, reserved 425984K
}
Event: 46.600 GC heap before
{Heap before GC invocations=62 (full 0):
 garbage-first heap   total 317440K, used 250272K [0x0000000080000000, 0x0000000100000000)
  region size 1024K, 85 young (87040K), 14 survivors (14336K)
 Metaspace       used 102747K, committed 103936K, reserved 557056K
  class space    used 14421K, committed 14976K, reserved 425984K
}
Event: 46.611 GC heap after
{Heap after GC invocations=63 (full 0):
 garbage-first heap   total 317440K, used 186566K [0x0000000080000000, 0x0000000100000000)
  region size 1024K, 9 young (9216K), 9 survivors (9216K)
 Metaspace       used 102747K, committed 103936K, reserved 557056K
  class space    used 14421K, committed 14976K, reserved 425984K
}
Event: 47.688 GC heap before
{Heap before GC invocations=64 (full 0):
 garbage-first heap   total 321536K, used 254150K [0x0000000080000000, 0x0000000100000000)
  region size 1024K, 75 young (76800K), 9 survivors (9216K)
 Metaspace       used 103606K, committed 104768K, reserved 557056K
  class space    used 14504K, committed 15040K, reserved 425984K
}
Event: 47.700 GC heap after
{Heap after GC invocations=65 (full 0):
 garbage-first heap   total 321536K, used 195520K [0x0000000080000000, 0x0000000100000000)
  region size 1024K, 9 young (9216K), 9 survivors (9216K)
 Metaspace       used 103606K, committed 104768K, reserved 557056K
  class space    used 14504K, committed 15040K, reserved 425984K
}
Event: 47.764 GC heap before
{Heap before GC invocations=65 (full 0):
 garbage-first heap   total 321536K, used 201664K [0x0000000080000000, 0x0000000100000000)
  region size 1024K, 15 young (15360K), 9 survivors (9216K)
 Metaspace       used 103652K, committed 104768K, reserved 557056K
  class space    used 14504K, committed 15040K, reserved 425984K
}
Event: 47.771 GC heap after
{Heap after GC invocations=66 (full 0):
 garbage-first heap   total 321536K, used 196418K [0x0000000080000000, 0x0000000100000000)
  region size 1024K, 2 young (2048K), 2 survivors (2048K)
 Metaspace       used 103652K, committed 104768K, reserved 557056K
  class space    used 14504K, committed 15040K, reserved 425984K
}
Event: 48.393 GC heap before
{Heap before GC invocations=66 (full 0):
 garbage-first heap   total 321536K, used 265026K [0x0000000080000000, 0x0000000100000000)
  region size 1024K, 65 young (66560K), 2 survivors (2048K)
 Metaspace       used 106291K, committed 107520K, reserved 557056K
  class space    used 14822K, committed 15360K, reserved 425984K
}
Event: 48.401 GC heap after
{Heap after GC invocations=67 (full 0):
 garbage-first heap   total 321536K, used 203263K [0x0000000080000000, 0x0000000100000000)
  region size 1024K, 9 young (9216K), 9 survivors (9216K)
 Metaspace       used 106291K, committed 107520K, reserved 557056K
  class space    used 14822K, committed 15360K, reserved 425984K
}
Event: 49.598 GC heap before
{Heap before GC invocations=67 (full 0):
 garbage-first heap   total 321536K, used 261631K [0x0000000080000000, 0x0000000100000000)
  region size 1024K, 67 young (68608K), 9 survivors (9216K)
 Metaspace       used 107119K, committed 108352K, reserved 557056K
  class space    used 14921K, committed 15488K, reserved 425984K
}
Event: 49.606 GC heap after
{Heap after GC invocations=68 (full 0):
 garbage-first heap   total 321536K, used 208751K [0x0000000080000000, 0x0000000100000000)
  region size 1024K, 6 young (6144K), 6 survivors (6144K)
 Metaspace       used 107119K, committed 108352K, reserved 557056K
  class space    used 14921K, committed 15488K, reserved 425984K
}
Event: 50.229 GC heap before
{Heap before GC invocations=68 (full 0):
 garbage-first heap   total 321536K, used 265071K [0x0000000080000000, 0x0000000100000000)
  region size 1024K, 62 young (63488K), 6 survivors (6144K)
 Metaspace       used 107240K, committed 108480K, reserved 557056K
  class space    used 14921K, committed 15488K, reserved 425984K
}
Event: 50.233 GC heap after
{Heap after GC invocations=69 (full 0):
 garbage-first heap   total 321536K, used 212419K [0x0000000080000000, 0x0000000100000000)
  region size 1024K, 4 young (4096K), 4 survivors (4096K)
 Metaspace       used 107240K, committed 108480K, reserved 557056K
  class space    used 14921K, committed 15488K, reserved 425984K
}

